{"/Users/janosoler/Desktop/XarxaTecActiva/Activa2025/holaMundoHono/src/config/db.ts": {"path":"/Users/janosoler/Desktop/XarxaTecActiva/Activa2025/holaMundoHono/src/config/db.ts","statementMap":{"0":{"start":{"line":1,"column":0},"end":{"line":1,"column":23}},"1":{"start":{"line":2,"column":0},"end":{"line":2,"column":26}},"2":{"start":{"line":4,"column":19},"end":{"line":4,"column":73}},"3":{"start":{"line":7,"column":8},"end":{"line":7,"column":18}}},"fnMap":{},"branchMap":{},"s":{"0":1,"1":1,"2":1,"3":1},"f":{},"b":{}}
,"/Users/janosoler/Desktop/XarxaTecActiva/Activa2025/holaMundoHono/src/controller/UserController.ts": {"path":"/Users/janosoler/Desktop/XarxaTecActiva/Activa2025/holaMundoHono/src/controller/UserController.ts","statementMap":{"0":{"start":{"line":2,"column":0},"end":{"line":2,"column":45}},"1":{"start":{"line":3,"column":0},"end":{"line":3,"column":28}},"2":{"start":{"line":5,"column":0},"end":{"line":5,"column":50}},"3":{"start":{"line":11,"column":34},"end":{"line":11,"column":61}},"4":{"start":{"line":12,"column":12},"end":{"line":14,"column":13}},"5":{"start":{"line":13,"column":16},"end":{"line":13,"column":75}},"6":{"start":{"line":15,"column":12},"end":{"line":15,"column":33}},"7":{"start":{"line":19,"column":21},"end":{"line":19,"column":44}},"8":{"start":{"line":20,"column":26},"end":{"line":20,"column":72}},"9":{"start":{"line":21,"column":36},"end":{"line":27,"column":null}},"10":{"start":{"line":28,"column":23},"end":{"line":28,"column":55}},"11":{"start":{"line":29,"column":8},"end":{"line":33,"column":9}},"12":{"start":{"line":30,"column":12},"end":{"line":30,"column":45}},"13":{"start":{"line":32,"column":12},"end":{"line":32,"column":78}},"14":{"start":{"line":38,"column":31},"end":{"line":38,"column":58}},"15":{"start":{"line":40,"column":8},"end":{"line":52,"column":9}},"16":{"start":{"line":42,"column":27},"end":{"line":42,"column":69}},"17":{"start":{"line":44,"column":12},"end":{"line":48,"column":13}},"18":{"start":{"line":45,"column":16},"end":{"line":45,"column":93}},"19":{"start":{"line":47,"column":16},"end":{"line":47,"column":96}},"20":{"start":{"line":50,"column":12},"end":{"line":50,"column":62}},"21":{"start":{"line":51,"column":12},"end":{"line":51,"column":90}},"22":{"start":{"line":57,"column":21},"end":{"line":57,"column":39}},"23":{"start":{"line":58,"column":31},"end":{"line":58,"column":48}},"24":{"start":{"line":59,"column":8},"end":{"line":71,"column":9}},"25":{"start":{"line":60,"column":26},"end":{"line":60,"column":243}},"26":{"start":{"line":61,"column":27},"end":{"line":61,"column":56}},"27":{"start":{"line":63,"column":12},"end":{"line":67,"column":13}},"28":{"start":{"line":64,"column":16},"end":{"line":64,"column":95}},"29":{"start":{"line":66,"column":16},"end":{"line":66,"column":89}},"30":{"start":{"line":69,"column":12},"end":{"line":69,"column":64}},"31":{"start":{"line":70,"column":12},"end":{"line":70,"column":90}},"32":{"start":{"line":7,"column":0},"end":{"line":7,"column":13}}},"fnMap":{"0":{"name":"(anonymous_1)","decl":{"start":{"line":9,"column":4},"end":{"line":9,"column":10}},"loc":{"start":{"line":9,"column":36},"end":{"line":16,"column":5}}},"1":{"name":"(anonymous_2)","decl":{"start":{"line":18,"column":4},"end":{"line":18,"column":10}},"loc":{"start":{"line":18,"column":34},"end":{"line":35,"column":5}}},"2":{"name":"(anonymous_3)","decl":{"start":{"line":37,"column":4},"end":{"line":37,"column":10}},"loc":{"start":{"line":37,"column":37},"end":{"line":53,"column":5}}},"3":{"name":"(anonymous_4)","decl":{"start":{"line":55,"column":4},"end":{"line":55,"column":10}},"loc":{"start":{"line":55,"column":37},"end":{"line":72,"column":5}}}},"branchMap":{"0":{"loc":{"start":{"line":12,"column":12},"end":{"line":14,"column":13}},"type":"if","locations":[{"start":{"line":12,"column":12},"end":{"line":14,"column":13}}]},"1":{"loc":{"start":{"line":29,"column":8},"end":{"line":33,"column":9}},"type":"if","locations":[{"start":{"line":29,"column":8},"end":{"line":33,"column":9}},{"start":{"line":31,"column":15},"end":{"line":33,"column":9}}]},"2":{"loc":{"start":{"line":44,"column":12},"end":{"line":48,"column":13}},"type":"if","locations":[{"start":{"line":44,"column":12},"end":{"line":48,"column":13}},{"start":{"line":46,"column":19},"end":{"line":48,"column":13}}]},"3":{"loc":{"start":{"line":63,"column":12},"end":{"line":67,"column":13}},"type":"if","locations":[{"start":{"line":63,"column":12},"end":{"line":67,"column":13}},{"start":{"line":65,"column":19},"end":{"line":67,"column":13}}]}},"s":{"0":4,"1":4,"2":4,"3":3,"4":3,"5":1,"6":2,"7":5,"8":5,"9":5,"10":5,"11":4,"12":2,"13":2,"14":3,"15":3,"16":3,"17":2,"18":1,"19":1,"20":1,"21":1,"22":3,"23":3,"24":3,"25":3,"26":3,"27":2,"28":1,"29":1,"30":1,"31":1,"32":4},"f":{"0":3,"1":5,"2":3,"3":3},"b":{"0":[1],"1":[2,2],"2":[1,1],"3":[1,1]}}
,"/Users/janosoler/Desktop/XarxaTecActiva/Activa2025/holaMundoHono/src/middleware/authMiddleware.ts": {"path":"/Users/janosoler/Desktop/XarxaTecActiva/Activa2025/holaMundoHono/src/middleware/authMiddleware.ts","statementMap":{"0":{"start":{"line":1,"column":0},"end":{"line":1,"column":39}},"1":{"start":{"line":2,"column":0},"end":{"line":2,"column":31}},"2":{"start":{"line":6,"column":48},"end":{"line":17,"column":1}},"3":{"start":{"line":8,"column":4},"end":{"line":13,"column":5}},"4":{"start":{"line":9,"column":22},"end":{"line":9,"column":43}},"5":{"start":{"line":10,"column":43},"end":{"line":10,"column":111}},"6":{"start":{"line":11,"column":8},"end":{"line":11,"column":49}},"7":{"start":{"line":12,"column":8},"end":{"line":12,"column":41}},"8":{"start":{"line":15,"column":4},"end":{"line":15,"column":17}},"9":{"start":{"line":6,"column":13},"end":{"line":6,"column":48}},"10":{"start":{"line":19,"column":42},"end":{"line":35,"column":1}},"11":{"start":{"line":20,"column":17},"end":{"line":20,"column":30}},"12":{"start":{"line":22,"column":4},"end":{"line":26,"column":5}},"13":{"start":{"line":23,"column":8},"end":{"line":23,"column":22}},"14":{"start":{"line":24,"column":8},"end":{"line":24,"column":57}},"15":{"start":{"line":25,"column":8},"end":{"line":25,"column":28}},"16":{"start":{"line":28,"column":4},"end":{"line":32,"column":5}},"17":{"start":{"line":29,"column":8},"end":{"line":29,"column":22}},"18":{"start":{"line":30,"column":8},"end":{"line":30,"column":58}},"19":{"start":{"line":31,"column":8},"end":{"line":31,"column":28}},"20":{"start":{"line":34,"column":4},"end":{"line":34,"column":17}},"21":{"start":{"line":19,"column":13},"end":{"line":19,"column":42}}},"fnMap":{"0":{"name":"(anonymous_1)","decl":{"start":{"line":6,"column":48},"end":{"line":6,"column":53}},"loc":{"start":{"line":6,"column":66},"end":{"line":17,"column":1}}},"1":{"name":"(anonymous_2)","decl":{"start":{"line":19,"column":42},"end":{"line":19,"column":47}},"loc":{"start":{"line":19,"column":60},"end":{"line":35,"column":1}}}},"branchMap":{"0":{"loc":{"start":{"line":8,"column":4},"end":{"line":13,"column":5}},"type":"if","locations":[{"start":{"line":8,"column":4},"end":{"line":13,"column":5}}]},"1":{"loc":{"start":{"line":22,"column":4},"end":{"line":26,"column":5}},"type":"if","locations":[{"start":{"line":22,"column":4},"end":{"line":26,"column":5}}]},"2":{"loc":{"start":{"line":28,"column":4},"end":{"line":32,"column":5}},"type":"if","locations":[{"start":{"line":28,"column":4},"end":{"line":32,"column":5}}]}},"s":{"0":3,"1":3,"2":3,"3":3,"4":2,"5":2,"6":1,"7":1,"8":2,"9":3,"10":3,"11":4,"12":4,"13":2,"14":2,"15":2,"16":2,"17":1,"18":1,"19":1,"20":1,"21":3},"f":{"0":3,"1":4},"b":{"0":[2],"1":[2],"2":[1]}}
,"/Users/janosoler/Desktop/XarxaTecActiva/Activa2025/holaMundoHono/src/model/UserModel.ts": {"path":"/Users/janosoler/Desktop/XarxaTecActiva/Activa2025/holaMundoHono/src/model/UserModel.ts","statementMap":{"0":{"start":{"line":2,"column":0},"end":{"line":2,"column":45}},"1":{"start":{"line":7,"column":7},"end":{"line":15,"column":8}},"2":{"start":{"line":8,"column":27},"end":{"line":8,"column":73}},"3":{"start":{"line":9,"column":12},"end":{"line":9,"column":32}},"4":{"start":{"line":13,"column":12},"end":{"line":13,"column":66}},"5":{"start":{"line":16,"column":7},"end":{"line":16,"column":20}},"6":{"start":{"line":21,"column":22},"end":{"line":21,"column":115}},"7":{"start":{"line":22,"column":23},"end":{"line":22,"column":112}},"8":{"start":{"line":23,"column":23},"end":{"line":23,"column":60}},"9":{"start":{"line":24,"column":8},"end":{"line":24,"column":22}},"10":{"start":{"line":28,"column":22},"end":{"line":28,"column":56}},"11":{"start":{"line":29,"column":23},"end":{"line":29,"column":27}},"12":{"start":{"line":30,"column":23},"end":{"line":30,"column":60}},"13":{"start":{"line":31,"column":8},"end":{"line":31,"column":22}},"14":{"start":{"line":4,"column":0},"end":{"line":4,"column":13}}},"fnMap":{"0":{"name":"(anonymous_0)","decl":{"start":{"line":5,"column":4},"end":{"line":5,"column":10}},"loc":{"start":{"line":5,"column":26},"end":{"line":18,"column":5}}},"1":{"name":"(anonymous_1)","decl":{"start":{"line":20,"column":4},"end":{"line":20,"column":10}},"loc":{"start":{"line":20,"column":45},"end":{"line":25,"column":5}}},"2":{"name":"(anonymous_2)","decl":{"start":{"line":27,"column":4},"end":{"line":27,"column":10}},"loc":{"start":{"line":27,"column":37},"end":{"line":32,"column":5}}}},"branchMap":{},"s":{"0":5,"1":4,"2":4,"3":3,"4":1,"5":4,"6":5,"7":5,"8":5,"9":3,"10":3,"11":3,"12":3,"13":2,"14":5},"f":{"0":4,"1":5,"2":3},"b":{}}
,"/Users/janosoler/Desktop/XarxaTecActiva/Activa2025/holaMundoHono/src/routes/authRouter.ts": {"path":"/Users/janosoler/Desktop/XarxaTecActiva/Activa2025/holaMundoHono/src/routes/authRouter.ts","statementMap":{"0":{"start":{"line":1,"column":0},"end":{"line":1,"column":28}},"1":{"start":{"line":2,"column":0},"end":{"line":2,"column":45}},"2":{"start":{"line":3,"column":0},"end":{"line":3,"column":28}},"3":{"start":{"line":4,"column":0},"end":{"line":4,"column":31}},"4":{"start":{"line":6,"column":19},"end":{"line":6,"column":29}},"5":{"start":{"line":8,"column":0},"end":{"line":29,"column":3}},"6":{"start":{"line":9,"column":17},"end":{"line":9,"column":40}},"7":{"start":{"line":10,"column":18},"end":{"line":10,"column":99}},"8":{"start":{"line":11,"column":19},"end":{"line":11,"column":48}},"9":{"start":{"line":13,"column":28},"end":{"line":13,"column":47}},"10":{"start":{"line":14,"column":4},"end":{"line":14,"column":67}},"11":{"start":{"line":14,"column":26},"end":{"line":14,"column":67}},"12":{"start":{"line":16,"column":4},"end":{"line":28,"column":5}},"13":{"start":{"line":17,"column":32},"end":{"line":17,"column":92}},"14":{"start":{"line":18,"column":8},"end":{"line":18,"column":71}},"15":{"start":{"line":18,"column":30},"end":{"line":18,"column":71}},"16":{"start":{"line":19,"column":8},"end":{"line":27,"column":9}},"17":{"start":{"line":20,"column":29},"end":{"line":23,"column":null}},"18":{"start":{"line":25,"column":12},"end":{"line":25,"column":74}},"19":{"start":{"line":26,"column":12},"end":{"line":26,"column":44}},"20":{"start":{"line":31,"column":0},"end":{"line":31,"column":26}}},"fnMap":{"0":{"name":"(anonymous_1)","decl":{"start":{"line":8,"column":26},"end":{"line":8,"column":31}},"loc":{"start":{"line":8,"column":37},"end":{"line":29,"column":1}}}},"branchMap":{"0":{"loc":{"start":{"line":14,"column":4},"end":{"line":14,"column":67}},"type":"if","locations":[{"start":{"line":14,"column":4},"end":{"line":14,"column":67}}]},"1":{"loc":{"start":{"line":16,"column":4},"end":{"line":28,"column":5}},"type":"if","locations":[{"start":{"line":16,"column":4},"end":{"line":28,"column":5}}]},"2":{"loc":{"start":{"line":16,"column":8},"end":{"line":16,"column":59}},"type":"binary-expr","locations":[{"start":{"line":16,"column":8},"end":{"line":16,"column":23}},{"start":{"line":16,"column":27},"end":{"line":16,"column":59}}]},"3":{"loc":{"start":{"line":18,"column":8},"end":{"line":18,"column":71}},"type":"if","locations":[{"start":{"line":18,"column":8},"end":{"line":18,"column":71}}]},"4":{"loc":{"start":{"line":19,"column":8},"end":{"line":27,"column":9}},"type":"if","locations":[{"start":{"line":19,"column":8},"end":{"line":27,"column":9}}]}},"s":{"0":1,"1":1,"2":1,"3":1,"4":1,"5":1,"6":0,"7":0,"8":0,"9":0,"10":0,"11":0,"12":0,"13":0,"14":0,"15":0,"16":0,"17":0,"18":0,"19":0,"20":1},"f":{"0":0},"b":{"0":[0],"1":[0],"2":[0,0],"3":[0],"4":[0]}}
,"/Users/janosoler/Desktop/XarxaTecActiva/Activa2025/holaMundoHono/src/routes/userRouter.ts": {"path":"/Users/janosoler/Desktop/XarxaTecActiva/Activa2025/holaMundoHono/src/routes/userRouter.ts","statementMap":{"0":{"start":{"line":1,"column":0},"end":{"line":1,"column":28}},"1":{"start":{"line":2,"column":0},"end":{"line":2,"column":58}},"2":{"start":{"line":3,"column":0},"end":{"line":3,"column":65}},"3":{"start":{"line":5,"column":19},"end":{"line":5,"column":29}},"4":{"start":{"line":7,"column":0},"end":{"line":7,"column":55}},"5":{"start":{"line":9,"column":0},"end":{"line":9,"column":45}},"6":{"start":{"line":11,"column":0},"end":{"line":11,"column":62}},"7":{"start":{"line":13,"column":0},"end":{"line":13,"column":58}},"8":{"start":{"line":15,"column":0},"end":{"line":15,"column":26}}},"fnMap":{},"branchMap":{},"s":{"0":1,"1":1,"2":1,"3":1,"4":1,"5":1,"6":1,"7":1,"8":1},"f":{},"b":{}}
}
