TN:
SF:src/config/db.ts
FNF:0
FNH:0
DA:1,1
DA:2,1
DA:4,1
DA:7,1
LF:4
LH:4
BRF:0
BRH:0
end_of_record
TN:
SF:src/controller/UserController.ts
FN:9,(anonymous_1)
FN:18,(anonymous_2)
FN:37,(anonymous_3)
FN:55,(anonymous_4)
FNF:4
FNH:4
FNDA:3,(anonymous_1)
FNDA:5,(anonymous_2)
FNDA:3,(anonymous_3)
FNDA:3,(anonymous_4)
DA:2,4
DA:3,4
DA:5,4
DA:7,4
DA:11,3
DA:12,3
DA:13,1
DA:15,2
DA:19,5
DA:20,5
DA:21,5
DA:28,5
DA:29,4
DA:30,2
DA:32,2
DA:38,3
DA:40,3
DA:42,3
DA:44,2
DA:45,1
DA:47,1
DA:50,1
DA:51,1
DA:57,3
DA:58,3
DA:59,3
DA:60,3
DA:61,3
DA:63,2
DA:64,1
DA:66,1
DA:69,1
DA:70,1
LF:33
LH:33
BRDA:12,0,0,1
BRDA:29,1,0,2
BRDA:29,1,1,2
BRDA:44,2,0,1
BRDA:44,2,1,1
BRDA:63,3,0,1
BRDA:63,3,1,1
BRF:7
BRH:7
end_of_record
TN:
SF:src/middleware/authMiddleware.ts
FN:6,(anonymous_1)
FN:19,(anonymous_2)
FNF:2
FNH:2
FNDA:3,(anonymous_1)
FNDA:4,(anonymous_2)
DA:1,3
DA:2,3
DA:6,3
DA:8,3
DA:9,2
DA:10,2
DA:11,1
DA:12,1
DA:15,2
DA:19,3
DA:20,4
DA:22,4
DA:23,2
DA:24,2
DA:25,2
DA:28,2
DA:29,1
DA:30,1
DA:31,1
DA:34,1
LF:20
LH:20
BRDA:8,0,0,2
BRDA:22,1,0,2
BRDA:28,2,0,1
BRF:3
BRH:3
end_of_record
TN:
SF:src/model/UserModel.ts
FN:5,(anonymous_0)
FN:20,(anonymous_1)
FN:27,(anonymous_2)
FNF:3
FNH:3
FNDA:4,(anonymous_0)
FNDA:5,(anonymous_1)
FNDA:3,(anonymous_2)
DA:2,5
DA:4,5
DA:7,4
DA:8,4
DA:9,3
DA:13,1
DA:16,4
DA:21,5
DA:22,5
DA:23,5
DA:24,3
DA:28,3
DA:29,3
DA:30,3
DA:31,2
LF:15
LH:15
BRF:0
BRH:0
end_of_record
TN:
SF:src/routes/authRouter.ts
FN:8,(anonymous_1)
FNF:1
FNH:0
FNDA:0,(anonymous_1)
DA:1,1
DA:2,1
DA:3,1
DA:4,1
DA:6,1
DA:8,1
DA:9,0
DA:10,0
DA:11,0
DA:13,0
DA:14,0
DA:16,0
DA:17,0
DA:18,0
DA:19,0
DA:20,0
DA:25,0
DA:26,0
DA:31,1
LF:19
LH:7
BRDA:14,0,0,0
BRDA:16,1,0,0
BRDA:16,2,0,0
BRDA:16,2,1,0
BRDA:18,3,0,0
BRDA:19,4,0,0
BRF:6
BRH:0
end_of_record
TN:
SF:src/routes/userRouter.ts
FNF:0
FNH:0
DA:1,1
DA:2,1
DA:3,1
DA:5,1
DA:7,1
DA:9,1
DA:11,1
DA:13,1
DA:15,1
LF:9
LH:9
BRF:0
BRH:0
end_of_record
